C:\Program Files\Microsoft SDKs\Kinect\Developer Toolkit v1.8.0\Samples\C++\KinectBridgeWithOpenCVBasics-D2D\Debug\cl.command.1.tlog
C:\Program Files\Microsoft SDKs\Kinect\Developer Toolkit v1.8.0\Samples\C++\KinectBridgeWithOpenCVBasics-D2D\Debug\CL.read.1.tlog
C:\Program Files\Microsoft SDKs\Kinect\Developer Toolkit v1.8.0\Samples\C++\KinectBridgeWithOpenCVBasics-D2D\Debug\CL.write.1.tlog
C:\PROGRAM FILES\MICROSOFT SDKS\KINECT\DEVELOPER TOOLKIT V1.8.0\SAMPLES\C++\KINECTBRIDGEWITHOPENCVBASICS-D2D\DEBUG\FRAMERATETRACKER.OBJ
C:\Program Files\Microsoft SDKs\Kinect\Developer Toolkit v1.8.0\Samples\C++\KinectBridgeWithOpenCVBasics-D2D\Debug\KinectBridgeWithOpenCVBasics-D2D.exe.embed.manifest
C:\PROGRAM FILES\MICROSOFT SDKS\KINECT\DEVELOPER TOOLKIT V1.8.0\SAMPLES\C++\KINECTBRIDGEWITHOPENCVBASICS-D2D\DEBUG\KINECTBRIDGEWITHOPENCVBASICS-D2D.EXE.EMBED.MANIFEST.RES
C:\Program Files\Microsoft SDKs\Kinect\Developer Toolkit v1.8.0\Samples\C++\KinectBridgeWithOpenCVBasics-D2D\Debug\KinectBridgeWithOpenCVBasics-D2D.exe.intermediate.manifest
C:\Program Files\Microsoft SDKs\Kinect\Developer Toolkit v1.8.0\Samples\C++\KinectBridgeWithOpenCVBasics-D2D\Debug\KinectBridgeWithOpenCVBasics-D2D.pdb
C:\PROGRAM FILES\MICROSOFT SDKS\KINECT\DEVELOPER TOOLKIT V1.8.0\SAMPLES\C++\KINECTBRIDGEWITHOPENCVBASICS-D2D\DEBUG\KINECTBRIDGEWITHOPENCVBASICS-D2D.RES
C:\Program Files\Microsoft SDKs\Kinect\Developer Toolkit v1.8.0\Samples\C++\KinectBridgeWithOpenCVBasics-D2D\Debug\KinectBridgeWithOpenCVBasics-D2D_manifest.rc
C:\Program Files\Microsoft SDKs\Kinect\Developer Toolkit v1.8.0\Samples\C++\KinectBridgeWithOpenCVBasics-D2D\Debug\link.command.1.tlog
C:\Program Files\Microsoft SDKs\Kinect\Developer Toolkit v1.8.0\Samples\C++\KinectBridgeWithOpenCVBasics-D2D\Debug\link.read.1.tlog
C:\Program Files\Microsoft SDKs\Kinect\Developer Toolkit v1.8.0\Samples\C++\KinectBridgeWithOpenCVBasics-D2D\Debug\link.write.1.tlog
C:\Program Files\Microsoft SDKs\Kinect\Developer Toolkit v1.8.0\Samples\C++\KinectBridgeWithOpenCVBasics-D2D\Debug\link-cvtres.read.1.tlog
C:\Program Files\Microsoft SDKs\Kinect\Developer Toolkit v1.8.0\Samples\C++\KinectBridgeWithOpenCVBasics-D2D\Debug\link-cvtres.write.1.tlog
C:\PROGRAM FILES\MICROSOFT SDKS\KINECT\DEVELOPER TOOLKIT V1.8.0\SAMPLES\C++\KINECTBRIDGEWITHOPENCVBASICS-D2D\DEBUG\MAINWINDOW.OBJ
C:\PROGRAM FILES\MICROSOFT SDKS\KINECT\DEVELOPER TOOLKIT V1.8.0\SAMPLES\C++\KINECTBRIDGEWITHOPENCVBASICS-D2D\DEBUG\OPENCVFRAMEHELPER.OBJ
C:\PROGRAM FILES\MICROSOFT SDKS\KINECT\DEVELOPER TOOLKIT V1.8.0\SAMPLES\C++\KINECTBRIDGEWITHOPENCVBASICS-D2D\DEBUG\OPENCVHELPER.OBJ
C:\Program Files\Microsoft SDKs\Kinect\Developer Toolkit v1.8.0\Samples\C++\KinectBridgeWithOpenCVBasics-D2D\Debug\rc.command.1.tlog
C:\Program Files\Microsoft SDKs\Kinect\Developer Toolkit v1.8.0\Samples\C++\KinectBridgeWithOpenCVBasics-D2D\Debug\rc.read.1.tlog
C:\Program Files\Microsoft SDKs\Kinect\Developer Toolkit v1.8.0\Samples\C++\KinectBridgeWithOpenCVBasics-D2D\Debug\rc.write.1.tlog
C:\Program Files\Microsoft SDKs\Kinect\Developer Toolkit v1.8.0\Samples\C++\KinectBridgeWithOpenCVBasics-D2D\Debug\vc100.idb
C:\PROGRAM FILES\MICROSOFT SDKS\KINECT\DEVELOPER TOOLKIT V1.8.0\SAMPLES\C++\KINECTBRIDGEWITHOPENCVBASICS-D2D\DEBUG\VC100.PDB
