C:\Program Files\Microsoft SDKs\Kinect\Developer Toolkit v1.8.0\Samples\C++\KinectBridgeWithOpenCVBasics-D2D\x64\Debug\cl.command.1.tlog
C:\Program Files\Microsoft SDKs\Kinect\Developer Toolkit v1.8.0\Samples\C++\KinectBridgeWithOpenCVBasics-D2D\x64\Debug\CL.read.1.tlog
C:\Program Files\Microsoft SDKs\Kinect\Developer Toolkit v1.8.0\Samples\C++\KinectBridgeWithOpenCVBasics-D2D\x64\Debug\CL.write.1.tlog
C:\PROGRAM FILES\MICROSOFT SDKS\KINECT\DEVELOPER TOOLKIT V1.8.0\SAMPLES\C++\KINECTBRIDGEWITHOPENCVBASICS-D2D\X64\DEBUG\FRAMERATETRACKER.OBJ
C:\PROGRAM FILES\MICROSOFT SDKS\KINECT\DEVELOPER TOOLKIT V1.8.0\SAMPLES\C++\KINECTBRIDGEWITHOPENCVBASICS-D2D\X64\DEBUG\KINECTBRIDGEWITHOPENCVBASICS-D2D.EXE
C:\PROGRAM FILES\MICROSOFT SDKS\KINECT\DEVELOPER TOOLKIT V1.8.0\SAMPLES\C++\KINECTBRIDGEWITHOPENCVBASICS-D2D\X64\DEBUG\KINECTBRIDGEWITHOPENCVBASICS-D2D.EXE.INTERMEDIATE.MANIFEST
C:\PROGRAM FILES\MICROSOFT SDKS\KINECT\DEVELOPER TOOLKIT V1.8.0\SAMPLES\C++\KINECTBRIDGEWITHOPENCVBASICS-D2D\X64\DEBUG\KINECTBRIDGEWITHOPENCVBASICS-D2D.PDB
C:\PROGRAM FILES\MICROSOFT SDKS\KINECT\DEVELOPER TOOLKIT V1.8.0\SAMPLES\C++\KINECTBRIDGEWITHOPENCVBASICS-D2D\X64\DEBUG\KINECTBRIDGEWITHOPENCVBASICS-D2D.RES
C:\Program Files\Microsoft SDKs\Kinect\Developer Toolkit v1.8.0\Samples\C++\KinectBridgeWithOpenCVBasics-D2D\x64\Debug\link.command.1.tlog
C:\Program Files\Microsoft SDKs\Kinect\Developer Toolkit v1.8.0\Samples\C++\KinectBridgeWithOpenCVBasics-D2D\x64\Debug\link.read.1.tlog
C:\Program Files\Microsoft SDKs\Kinect\Developer Toolkit v1.8.0\Samples\C++\KinectBridgeWithOpenCVBasics-D2D\x64\Debug\link.write.1.tlog
C:\Program Files\Microsoft SDKs\Kinect\Developer Toolkit v1.8.0\Samples\C++\KinectBridgeWithOpenCVBasics-D2D\x64\Debug\link-cvtres.read.1.tlog
C:\Program Files\Microsoft SDKs\Kinect\Developer Toolkit v1.8.0\Samples\C++\KinectBridgeWithOpenCVBasics-D2D\x64\Debug\link-cvtres.write.1.tlog
C:\PROGRAM FILES\MICROSOFT SDKS\KINECT\DEVELOPER TOOLKIT V1.8.0\SAMPLES\C++\KINECTBRIDGEWITHOPENCVBASICS-D2D\X64\DEBUG\MAINWINDOW.OBJ
C:\Program Files\Microsoft SDKs\Kinect\Developer Toolkit v1.8.0\Samples\C++\KinectBridgeWithOpenCVBasics-D2D\x64\Debug\mt.command.1.tlog
C:\Program Files\Microsoft SDKs\Kinect\Developer Toolkit v1.8.0\Samples\C++\KinectBridgeWithOpenCVBasics-D2D\x64\Debug\mt.read.1.tlog
C:\Program Files\Microsoft SDKs\Kinect\Developer Toolkit v1.8.0\Samples\C++\KinectBridgeWithOpenCVBasics-D2D\x64\Debug\mt.write.1.tlog
C:\PROGRAM FILES\MICROSOFT SDKS\KINECT\DEVELOPER TOOLKIT V1.8.0\SAMPLES\C++\KINECTBRIDGEWITHOPENCVBASICS-D2D\X64\DEBUG\OPENCVFACERECOGNITION.OBJ
C:\PROGRAM FILES\MICROSOFT SDKS\KINECT\DEVELOPER TOOLKIT V1.8.0\SAMPLES\C++\KINECTBRIDGEWITHOPENCVBASICS-D2D\X64\DEBUG\OPENCVFRAMEHELPER.OBJ
C:\PROGRAM FILES\MICROSOFT SDKS\KINECT\DEVELOPER TOOLKIT V1.8.0\SAMPLES\C++\KINECTBRIDGEWITHOPENCVBASICS-D2D\X64\DEBUG\OPENCVHELPER.OBJ
C:\Program Files\Microsoft SDKs\Kinect\Developer Toolkit v1.8.0\Samples\C++\KinectBridgeWithOpenCVBasics-D2D\x64\Debug\rc.command.1.tlog
C:\Program Files\Microsoft SDKs\Kinect\Developer Toolkit v1.8.0\Samples\C++\KinectBridgeWithOpenCVBasics-D2D\x64\Debug\rc.read.1.tlog
C:\Program Files\Microsoft SDKs\Kinect\Developer Toolkit v1.8.0\Samples\C++\KinectBridgeWithOpenCVBasics-D2D\x64\Debug\rc.write.1.tlog
C:\Program Files\Microsoft SDKs\Kinect\Developer Toolkit v1.8.0\Samples\C++\KinectBridgeWithOpenCVBasics-D2D\x64\Debug\vc100.idb
C:\PROGRAM FILES\MICROSOFT SDKS\KINECT\DEVELOPER TOOLKIT V1.8.0\SAMPLES\C++\KINECTBRIDGEWITHOPENCVBASICS-D2D\X64\DEBUG\VC100.PDB
